2026-06-01 23:03:02 [INFO] Передан путь к обрабатываемой папке
2026-06-01 23:03:02 [INFO] Запуск программы обработки и перемещения в папке: /Users/computermac/Desktop/hackaton/inbox 
2026-06-01 23:03:02 [INFO] Loading dictionaries from /Library/Frameworks/Python.framework/Versions/3.14/lib/python3.14/site-packages/pymorphy3_dicts_ru/data
2026-06-01 23:03:02 [INFO] format: 2.4, revision: 417150, updated: 2022-01-08T22:09:24.565962
2026-06-01 23:03:02 [INFO] Найдено 110 фалов для обработки
2026-06-01 23:03:02 [INFO] mail_0091.txt перемещен в Уведомления
2026-06-01 23:03:02 [INFO] mail_0085.txt перемещен в Работа
2026-06-01 23:03:02 [INFO] mail_0052.txt перемещен в Важное
2026-06-01 23:03:02 [INFO] mail_0046.txt перемещен в Важное
2026-06-01 23:03:02 [INFO] mail_0047.txt перемещен в Работа
2026-06-01 23:03:02 [INFO] mail_0053.txt перемещен в Уведомления
2026-06-01 23:03:02 [INFO] mail_0084.txt перемещен в Важное
2026-06-01 23:03:02 [INFO] mail_0090.txt перемещен в Работа
2026-06-01 23:03:02 [INFO] Файл mail_0106 имеет неподдерживаемый формат
2026-06-01 23:03:02 [INFO] mail_0106 перемещен в Неподдерживаемое расширение
2026-06-01 23:03:02 [INFO] mail_0086.txt перемещен в Работа
2026-06-01 23:03:02 [INFO] mail_0092.txt перемещен в Несортированное
2026-06-01 23:03:02 [INFO] mail_0079.txt перемещен в Работа
2026-06-01 23:03:02 [INFO] mail_0045.txt перемещен в Уведомления
2026-06-01 23:03:02 [INFO] mail_0051.txt перемещен в Важное
2026-06-01 23:03:02 [INFO] mail_0050.txt перемещен в Важное
2026-06-01 23:03:02 [INFO] mail_0044.txt перемещен в Работа
2026-06-01 23:03:02 [INFO] mail_0078.txt перемещен в Важное
2026-06-01 23:03:02 [INFO] mail_0093.txt перемещен в Спам
2026-06-01 23:03:02 [INFO] mail_0087.txt перемещен в Важное
2026-06-01 23:03:02 [INFO] mail_0108.txt перемещен в Несортированное
2026-06-01 23:03:02 [INFO] mail_0083.txt перемещен в Важное
2026-06-01 23:03:02 [INFO] Файл .DS_Store имеет неподдерживаемый формат
2026-06-01 23:03:02 [INFO] .DS_Store перемещен в Неподдерживаемое расширение
2026-06-01 23:03:02 [INFO] mail_0097.txt перемещен в Важное
2026-06-01 23:03:02 [INFO] mail_0040.txt перемещен в Важное
2026-06-01 23:03:02 [INFO] mail_0054.txt перемещен в Работа
2026-06-01 23:03:02 [INFO] mail_0068.txt перемещен в Важное
2026-06-01 23:03:02 [INFO] mail_0069.txt перемещен в Работа
2026-06-01 23:03:02 [INFO] mail_0055.txt перемещен в Важное
2026-06-01 23:03:02 [INFO] mail_0041.txt перемещен в Уведомления
2026-06-01 23:03:02 [INFO] mail_0096.txt перемещен в Черновик
2026-06-01 23:03:02 [INFO] mail_0082.txt перемещен в Работа
2026-06-01 23:03:02 [INFO] mail_0094.txt перемещен в Уведомления
2026-06-01 23:03:02 [INFO] mail_0080.txt перемещен в Работа
2026-06-01 23:03:02 [INFO] mail_0057.txt перемещен в Работа
2026-06-01 23:03:02 [INFO] mail_0043.txt перемещен в Важное
2026-06-01 23:03:02 [INFO] mail_0042.txt перемещен в Работа
2026-06-01 23:03:02 [INFO] mail_0056.txt перемещен в Работа
2026-06-01 23:03:02 [INFO] mail_0081.txt перемещен в Важное
2026-06-01 23:03:02 [INFO] mail_0095.txt перемещен в Важное
2026-06-01 23:03:02 [INFO] Файл mail_0105.json имеет неподдерживаемый формат
2026-06-01 23:03:02 [INFO] mail_0105.json перемещен в Неподдерживаемое расширение
2026-06-01 23:03:02 [INFO] mail_0019.txt перемещен в Важное
2026-06-01 23:03:02 [INFO] mail_0031.txt перемещен в Работа
2026-06-01 23:03:02 [INFO] mail_0025.txt перемещен в Важное
2026-06-01 23:03:02 [INFO] mail_0024.txt перемещен в Уведомления
2026-06-01 23:03:02 [INFO] mail_0030.txt перемещен в Уведомления
2026-06-01 23:03:02 [INFO] mail_0018.txt перемещен в Важное
2026-06-01 23:03:02 [INFO] mail_0026.txt перемещен в Важное
2026-06-01 23:03:02 [INFO] mail_0032.txt перемещен в Уведомления
2026-06-01 23:03:02 [INFO] mail_0033.txt перемещен в Работа
2026-06-01 23:03:02 [INFO] mail_0027.txt перемещен в Уведомления
2026-06-01 23:03:02 [INFO] mail_0023.txt перемещен в Важное
2026-06-01 23:03:02 [INFO] mail_0037.txt перемещен в Важное
2026-06-01 23:03:02 [INFO] mail_0036.txt перемещен в Важное
2026-06-01 23:03:02 [INFO] mail_0022.txt перемещен в Работа
2026-06-01 23:03:02 [INFO] Файл mail_0109.jpeg имеет неподдерживаемый формат
2026-06-01 23:03:02 [INFO] mail_0109.jpeg перемещен в Неподдерживаемое расширение
2026-06-01 23:03:02 [INFO] mail_0034.txt перемещен в Важное
2026-06-01 23:03:02 [INFO] mail_0020.txt перемещен в Важное
2026-06-01 23:03:02 [INFO] mail_0008.txt перемещен в Работа
2026-06-01 23:03:02 [INFO] mail_0009.txt перемещен в Важное
2026-06-01 23:03:02 [INFO] mail_0021.txt перемещен в Важное
2026-06-01 23:03:02 [INFO] mail_0035.txt перемещен в Важное
2026-06-01 23:03:02 [INFO] mail_0038.txt перемещен в Работа
2026-06-01 23:03:02 [INFO] mail_0010.txt перемещен в Работа
2026-06-01 23:03:02 [INFO] mail_0004.txt перемещен в Важное
2026-06-01 23:03:02 [INFO] mail_0005.txt перемещен в Работа
2026-06-01 23:03:02 [INFO] mail_0011.txt перемещен в Работа
2026-06-01 23:03:02 [INFO] mail_0039.txt перемещен в Уведомления
2026-06-01 23:03:02 [INFO] mail_0007.txt перемещен в Важное
2026-06-01 23:03:02 [INFO] mail_0013.txt перемещен в Важное
2026-06-01 23:03:02 [INFO] mail_0012.txt перемещен в Важное
2026-06-01 23:03:02 [INFO] mail_0006.txt перемещен в Важное
2026-06-01 23:03:02 [INFO] mail_0002.txt перемещен в Важное
2026-06-01 23:03:02 [INFO] mail_0016.txt перемещен в Уведомления
2026-06-01 23:03:02 [INFO] mail_0017.txt перемещен в Важное
2026-06-01 23:03:02 [INFO] mail_0003.txt перемещен в Работа
2026-06-01 23:03:02 [INFO] mail_0015.txt перемещен в Важное
2026-06-01 23:03:02 [INFO] mail_0001.txt перемещен в Уведомления
2026-06-01 23:03:02 [INFO] mail_0029.txt перемещен в Работа
2026-06-01 23:03:02 [INFO] mail_0028.txt перемещен в Важное
2026-06-01 23:03:02 [INFO] mail_0014.txt перемещен в Важное
2026-06-01 23:03:02 [INFO] mail_0107.txt перемещен в Работа
2026-06-01 23:03:02 [INFO] mail_0098.txt перемещен в Важное
2026-06-01 23:03:02 [INFO] mail_0073.txt перемещен в Работа
2026-06-01 23:03:02 [INFO] mail_0067.txt перемещен в Уведомления
2026-06-01 23:03:02 [INFO] mail_0066.txt перемещен в Работа
2026-06-01 23:03:02 [INFO] mail_0072.txt перемещен в Важное
2026-06-01 23:03:02 [INFO] mail_0099.txt перемещен в Работа
2026-06-01 23:03:02 [INFO] Файл mail_0104.bin имеет неподдерживаемый формат
2026-06-01 23:03:02 [INFO] mail_0104.bin перемещен в Неподдерживаемое расширение
2026-06-01 23:03:02 [INFO] mail_0058.txt перемещен в Уведомления
2026-06-01 23:03:02 [INFO] mail_0064.txt перемещен в Спам
2026-06-01 23:03:02 [INFO] mail_0070.txt перемещен в Важное
2026-06-01 23:03:02 [INFO] mail_0071.txt перемещен в Спам
2026-06-01 23:03:02 [INFO] mail_0065.txt перемещен в Важное
2026-06-01 23:03:02 [INFO] mail_0059.txt перемещен в Работа
2026-06-01 23:03:02 [INFO] mail_0101.txt перемещен в Важное
2026-06-01 23:03:02 [INFO] mail_0061.txt перемещен в Работа
2026-06-01 23:03:02 [INFO] mail_0075.txt перемещен в Важное
2026-06-01 23:03:02 [INFO] mail_0049.txt перемещен в Важное
2026-06-01 23:03:02 [INFO] mail_0048.txt перемещен в Важное
2026-06-01 23:03:02 [INFO] mail_0074.txt перемещен в Важное
2026-06-01 23:03:02 [INFO] mail_0060.txt перемещен в Важное
2026-06-01 23:03:02 [INFO] mail_0100.txt перемещен в Важное
2026-06-01 23:03:02 [INFO] mail_0102.txt перемещен в Работа
2026-06-01 23:03:02 [INFO] mail_0089.txt перемещен в Важное
2026-06-01 23:03:02 [INFO] mail_0076.txt перемещен в Работа
2026-06-01 23:03:02 [INFO] mail_0062.txt перемещен в Работа
2026-06-01 23:03:02 [INFO] mail_0063.txt перемещен в Работа
2026-06-01 23:03:02 [INFO] mail_0077.txt перемещен в Важное
2026-06-01 23:03:02 [INFO] mail_0088.txt перемещен в Важное
2026-06-01 23:03:02 [INFO] mail_0103.txt перемещен в Несортированное
2026-06-01 23:03:02 [INFO] Обработка всех файлов выполнена
2026-06-01 23:16:29 [INFO] Передан путь к обрабатываемой папке
2026-06-01 23:16:29 [INFO] Запуск программы обработки и перемещения в папке: /Users/computermac/Desktop/hackaton/inbox 
2026-06-01 23:16:29 [INFO] Loading dictionaries from /Library/Frameworks/Python.framework/Versions/3.14/lib/python3.14/site-packages/pymorphy3_dicts_ru/data
2026-06-01 23:16:29 [INFO] format: 2.4, revision: 417150, updated: 2022-01-08T22:09:24.565962
2026-06-01 23:16:30 [INFO] Найдено 110 фалов для обработки
2026-06-01 23:16:30 [INFO] mail_0091.txt перемещен в Уведомления
2026-06-01 23:16:30 [INFO] mail_0085.txt перемещен в Работа
2026-06-01 23:16:30 [INFO] mail_0052.txt перемещен в Важное
2026-06-01 23:16:30 [INFO] mail_0046.txt перемещен в Важное
2026-06-01 23:16:30 [INFO] mail_0047.txt перемещен в Работа
2026-06-01 23:16:30 [INFO] mail_0053.txt перемещен в Уведомления
2026-06-01 23:16:30 [INFO] mail_0084.txt перемещен в Важное
2026-06-01 23:16:30 [INFO] mail_0090.txt перемещен в Уведомления
2026-06-01 23:16:30 [INFO] Файл mail_0106 имеет неподдерживаемый формат
2026-06-01 23:16:30 [INFO] mail_0106 перемещен в Неподдерживаемое расширение
2026-06-01 23:16:30 [INFO] mail_0086.txt перемещен в Работа
2026-06-01 23:16:30 [INFO] mail_0092.txt перемещен в Работа
2026-06-01 23:16:30 [INFO] mail_0079.txt перемещен в Работа
2026-06-01 23:16:30 [INFO] mail_0045.txt перемещен в Уведомления
2026-06-01 23:16:30 [INFO] mail_0051.txt перемещен в Важное
2026-06-01 23:16:30 [INFO] mail_0050.txt перемещен в Важное
2026-06-01 23:16:30 [INFO] mail_0044.txt перемещен в Работа
2026-06-01 23:16:30 [INFO] mail_0078.txt перемещен в Важное
2026-06-01 23:16:30 [INFO] mail_0093.txt перемещен в Спам
2026-06-01 23:16:30 [INFO] mail_0087.txt перемещен в Важное
2026-06-01 23:16:30 [INFO] mail_0108.txt перемещен в Несортированное
2026-06-01 23:16:30 [INFO] mail_0083.txt перемещен в Важное
2026-06-01 23:16:30 [INFO] Файл .DS_Store имеет неподдерживаемый формат
2026-06-01 23:16:30 [INFO] .DS_Store перемещен в Неподдерживаемое расширение
2026-06-01 23:16:30 [INFO] mail_0097.txt перемещен в Важное
2026-06-01 23:16:30 [INFO] mail_0040.txt перемещен в Важное
2026-06-01 23:16:30 [INFO] mail_0054.txt перемещен в Работа
2026-06-01 23:16:30 [INFO] mail_0068.txt перемещен в Важное
2026-06-01 23:16:30 [INFO] mail_0069.txt перемещен в Работа
2026-06-01 23:16:30 [INFO] mail_0055.txt перемещен в Важное
2026-06-01 23:16:30 [INFO] mail_0041.txt перемещен в Уведомления
2026-06-01 23:16:30 [INFO] mail_0096.txt перемещен в Черновик
2026-06-01 23:16:30 [INFO] mail_0082.txt перемещен в Работа
2026-06-01 23:16:30 [INFO] mail_0094.txt перемещен в Уведомления
2026-06-01 23:16:30 [INFO] mail_0080.txt перемещен в Работа
2026-06-01 23:16:30 [INFO] mail_0057.txt перемещен в Работа
2026-06-01 23:16:30 [INFO] mail_0043.txt перемещен в Важное
2026-06-01 23:16:30 [INFO] mail_0042.txt перемещен в Работа
2026-06-01 23:16:30 [INFO] mail_0056.txt перемещен в Работа
2026-06-01 23:16:30 [INFO] mail_0081.txt перемещен в Важное
2026-06-01 23:16:30 [INFO] mail_0095.txt перемещен в Важное
2026-06-01 23:16:30 [INFO] Файл mail_0105.json имеет неподдерживаемый формат
2026-06-01 23:16:30 [INFO] mail_0105.json перемещен в Неподдерживаемое расширение
2026-06-01 23:16:30 [INFO] mail_0019.txt перемещен в Важное
2026-06-01 23:16:30 [INFO] mail_0031.txt перемещен в Работа
2026-06-01 23:16:30 [INFO] mail_0025.txt перемещен в Важное
2026-06-01 23:16:30 [INFO] mail_0024.txt перемещен в Уведомления
2026-06-01 23:16:30 [INFO] mail_0030.txt перемещен в Уведомления
2026-06-01 23:16:30 [INFO] mail_0018.txt перемещен в Важное
2026-06-01 23:16:30 [INFO] mail_0026.txt перемещен в Важное
2026-06-01 23:16:30 [INFO] mail_0032.txt перемещен в Уведомления
2026-06-01 23:16:30 [INFO] mail_0033.txt перемещен в Работа
2026-06-01 23:16:30 [INFO] mail_0027.txt перемещен в Уведомления
2026-06-01 23:16:30 [INFO] mail_0023.txt перемещен в Важное
2026-06-01 23:16:30 [INFO] mail_0037.txt перемещен в Важное
2026-06-01 23:16:30 [INFO] mail_0036.txt перемещен в Важное
2026-06-01 23:16:30 [INFO] mail_0022.txt перемещен в Работа
2026-06-01 23:16:30 [INFO] Файл mail_0109.jpeg имеет неподдерживаемый формат
2026-06-01 23:16:30 [INFO] mail_0109.jpeg перемещен в Неподдерживаемое расширение
2026-06-01 23:16:30 [INFO] mail_0034.txt перемещен в Важное
2026-06-01 23:16:30 [INFO] mail_0020.txt перемещен в Важное
2026-06-01 23:16:30 [INFO] mail_0008.txt перемещен в Работа
2026-06-01 23:16:30 [INFO] mail_0009.txt перемещен в Важное
2026-06-01 23:16:30 [INFO] mail_0021.txt перемещен в Важное
2026-06-01 23:16:30 [INFO] mail_0035.txt перемещен в Важное
2026-06-01 23:16:30 [INFO] mail_0038.txt перемещен в Работа
2026-06-01 23:16:30 [INFO] mail_0010.txt перемещен в Работа
2026-06-01 23:16:30 [INFO] mail_0004.txt перемещен в Важное
2026-06-01 23:16:30 [INFO] mail_0005.txt перемещен в Работа
2026-06-01 23:16:30 [INFO] mail_0011.txt перемещен в Работа
2026-06-01 23:16:30 [INFO] mail_0039.txt перемещен в Уведомления
2026-06-01 23:16:30 [INFO] mail_0007.txt перемещен в Важное
2026-06-01 23:16:30 [INFO] mail_0013.txt перемещен в Важное
2026-06-01 23:16:30 [INFO] mail_0012.txt перемещен в Важное
2026-06-01 23:16:30 [INFO] mail_0006.txt перемещен в Важное
2026-06-01 23:16:30 [INFO] mail_0002.txt перемещен в Важное
2026-06-01 23:16:30 [INFO] mail_0016.txt перемещен в Уведомления
2026-06-01 23:16:30 [INFO] mail_0017.txt перемещен в Важное
2026-06-01 23:16:30 [INFO] mail_0003.txt перемещен в Работа
2026-06-01 23:16:30 [INFO] mail_0015.txt перемещен в Важное
2026-06-01 23:16:30 [INFO] mail_0001.txt перемещен в Уведомления
2026-06-01 23:16:30 [INFO] mail_0029.txt перемещен в Работа
2026-06-01 23:16:30 [INFO] mail_0028.txt перемещен в Важное
2026-06-01 23:16:30 [INFO] mail_0014.txt перемещен в Важное
2026-06-01 23:16:30 [INFO] mail_0107.txt перемещен в Работа
2026-06-01 23:16:30 [INFO] mail_0098.txt перемещен в Важное
2026-06-01 23:16:30 [INFO] mail_0073.txt перемещен в Работа
2026-06-01 23:16:30 [INFO] mail_0067.txt перемещен в Уведомления
2026-06-01 23:16:30 [INFO] mail_0066.txt перемещен в Работа
2026-06-01 23:16:30 [INFO] mail_0072.txt перемещен в Важное
2026-06-01 23:16:30 [INFO] mail_0099.txt перемещен в Работа
2026-06-01 23:16:30 [INFO] Файл mail_0104.bin имеет неподдерживаемый формат
2026-06-01 23:16:30 [INFO] mail_0104.bin перемещен в Неподдерживаемое расширение
2026-06-01 23:16:30 [INFO] mail_0058.txt перемещен в Уведомления
2026-06-01 23:16:30 [INFO] mail_0064.txt перемещен в Спам
2026-06-01 23:16:30 [INFO] mail_0070.txt перемещен в Важное
2026-06-01 23:16:30 [INFO] mail_0071.txt перемещен в Спам
2026-06-01 23:16:30 [INFO] mail_0065.txt перемещен в Важное
2026-06-01 23:16:30 [INFO] mail_0059.txt перемещен в Работа
2026-06-01 23:16:30 [INFO] mail_0101.txt перемещен в Важное
2026-06-01 23:16:30 [INFO] mail_0061.txt перемещен в Работа
2026-06-01 23:16:30 [INFO] mail_0075.txt перемещен в Важное
2026-06-01 23:16:30 [INFO] mail_0049.txt перемещен в Важное
2026-06-01 23:16:30 [INFO] mail_0048.txt перемещен в Важное
2026-06-01 23:16:30 [INFO] mail_0074.txt перемещен в Важное
2026-06-01 23:16:30 [INFO] mail_0060.txt перемещен в Важное
2026-06-01 23:16:30 [INFO] mail_0100.txt перемещен в Важное
2026-06-01 23:16:30 [INFO] mail_0102.txt перемещен в Работа
2026-06-01 23:16:30 [INFO] mail_0089.txt перемещен в Важное
2026-06-01 23:16:30 [INFO] mail_0076.txt перемещен в Работа
2026-06-01 23:16:30 [INFO] mail_0062.txt перемещен в Работа
2026-06-01 23:16:30 [INFO] mail_0063.txt перемещен в Работа
2026-06-01 23:16:30 [INFO] mail_0077.txt перемещен в Важное
2026-06-01 23:16:30 [INFO] mail_0088.txt перемещен в Важное
2026-06-01 23:16:30 [INFO] mail_0103.txt перемещен в Несортированное
2026-06-01 23:16:30 [INFO] Обработка всех файлов выполнена
